{"timestamp": "2025-12-09T14:44:37Z", "event": "assistant_request", "details": {"user": "assistant-teacher", "role": "teacher", "message": "Create a grammar test"}}
{"timestamp": "2025-12-09T14:44:37Z", "event": "assistant_response", "details": {"user": "assistant-teacher", "answer": "Drafted a grammar exam.", "actions": [{"type": "create_exam", "status": "success", "exam_id": 1, "title": "Assistant Exam", "category": "grammar"}], "navigate_to": null}}
{"timestamp": "2025-12-09T14:44:37Z", "event": "assistant_request", "details": {"user": "nav-student", "role": "student", "message": "Take me to the exams"}}
{"timestamp": "2025-12-09T14:44:37Z", "event": "assistant_response", "details": {"user": "nav-student", "answer": "Opening exams.", "actions": [{"type": "navigate", "status": "ready", "url": "/exams"}], "navigate_to": "/exams"}}
{"timestamp": "2025-12-09T14:51:21Z", "event": "web_search_request", "details": {"query": "orish news", "limit": 2, "endpoint": "https://api.duckduckgo.com/", "url": "https://api.duckduckgo.com/?q=orish+news&format=json&no_html=1&no_redirect=1"}}
{"timestamp": "2025-12-09T14:51:21Z", "event": "web_search_response", "details": {"query": "orish news", "limit": 2, "endpoint": "https://api.duckduckgo.com/", "result_count": 2}}
{"timestamp": "2025-12-09T14:51:22Z", "event": "assistant_request", "details": {"user": "assistant-teacher", "role": "teacher", "message": "Create a grammar test"}}
{"timestamp": "2025-12-09T14:51:22Z", "event": "assistant_response", "details": {"user": "assistant-teacher", "answer": "Drafted a grammar exam.", "actions": [{"type": "create_exam", "status": "success", "exam_id": 1, "title": "Assistant Exam", "category": "grammar", "url": "/exams/1/manage", "label": "Edit Assistant Exam"}], "navigate_to": null}}
{"timestamp": "2025-12-09T14:51:22Z", "event": "assistant_request", "details": {"user": "nav-student", "role": "student", "message": "Take me to the exams"}}
{"timestamp": "2025-12-09T14:51:22Z", "event": "assistant_response", "details": {"user": "nav-student", "answer": "Opening exams.", "actions": [{"type": "navigate", "status": "ready", "url": "/exams", "label": "Exams overview"}], "navigate_to": "/exams"}}
{"timestamp": "2025-12-09T15:04:47Z", "event": "web_search_response", "details": {"query": "orish news", "result_count": 2}}
{"timestamp": "2025-12-09T15:04:47Z", "event": "assistant_request", "details": {"user": "assistant-teacher", "role": "teacher", "message": "Create a grammar test"}}
{"timestamp": "2025-12-09T15:04:47Z", "event": "assistant_response", "details": {"user": "assistant-teacher", "answer": "Drafted a grammar exam.", "actions": [{"type": "create_exam", "status": "success", "exam_id": 1, "title": "Assistant Exam", "category": "grammar", "url": "/exams/1/manage", "label": "Edit Assistant Exam", "message": "Creating exam 'Assistant Exam' in grammar."}], "navigate_to": null}}
{"timestamp": "2025-12-09T15:04:48Z", "event": "assistant_request", "details": {"user": "nav-student", "role": "student", "message": "Take me to the exams"}}
{"timestamp": "2025-12-09T15:04:48Z", "event": "assistant_response", "details": {"user": "nav-student", "answer": "Opening exams.", "actions": [{"type": "navigate", "status": "ready", "url": "/exams", "label": "Exams overview", "message": "Opening Exams overview."}], "navigate_to": "/exams"}}
{"timestamp": "2025-12-09T15:05:45Z", "event": "web_search_response", "details": {"query": "orish news", "result_count": 2}}
{"timestamp": "2025-12-09T15:05:45Z", "event": "assistant_request", "details": {"user": "assistant-teacher", "role": "teacher", "message": "Create a grammar test"}}
{"timestamp": "2025-12-09T15:05:45Z", "event": "assistant_response", "details": {"user": "assistant-teacher", "answer": "Drafted a grammar exam.", "actions": [{"type": "create_exam", "status": "success", "exam_id": 1, "title": "Assistant Exam", "category": "grammar", "url": "/exams/1/manage", "label": "Edit Assistant Exam", "message": "Creating exam 'Assistant Exam' in grammar."}], "navigate_to": null}}
{"timestamp": "2025-12-09T15:05:46Z", "event": "assistant_request", "details": {"user": "nav-student", "role": "student", "message": "Take me to the exams"}}
{"timestamp": "2025-12-09T15:05:46Z", "event": "assistant_response", "details": {"user": "nav-student", "answer": "Opening exams.", "actions": [{"type": "navigate", "status": "ready", "url": "/exams", "label": "Exams overview", "message": "Opening Exams overview."}], "navigate_to": "/exams"}}
